{"level":"INFO","timestamp":"2018-09-23 11:17:08.205","file":"github.com/Away0x/api_server/main.go:61","msg":"Start to listening the incoming requests on http address: :8080"}
{"level":"INFO","timestamp":"2018-09-23 11:17:08.207","file":"github.com/Away0x/api_server/main.go:58","msg":"The router has been deployed successfully."}
{"level":"INFO","timestamp":"2018-09-23 11:17:46.117","file":"github.com/Away0x/api_server/main.go:61","msg":"Start to listening the incoming requests on http address: :8080"}
{"level":"INFO","timestamp":"2018-09-23 11:17:46.119","file":"github.com/Away0x/api_server/main.go:75","msg":"Waiting for the router, retry in 1 second."}
{"level":"INFO","timestamp":"2018-09-23 11:17:47.126","file":"github.com/Away0x/api_server/main.go:58","msg":"The router has been deployed successfully."}
{"level":"INFO","timestamp":"2018-09-23 11:17:51.151","file":"config/config.go:81","msg":"Config file changed: /Users/wutong/Desktop/workspace/goPlayground/src/github.com/Away0x/api_server/conf/config.yaml"}
{"level":"INFO","timestamp":"2018-09-23 11:17:56.923","file":"github.com/Away0x/api_server/main.go:61","msg":"Start to listening the incoming requests on http address: :8080"}
{"level":"INFO","timestamp":"2018-09-23 11:17:56.925","file":"github.com/Away0x/api_server/main.go:58","msg":"The router has been deployed successfully."}
{"level":"INFO","timestamp":"2018-09-23 11:18:02.971","file":"middleware/logging.go:91","msg":"14.753ms      | 127.0.0.1    | GET /v1/user | {code: 0, message: OK}"}
{"level":"INFO","timestamp":"2018-09-23 11:18:32.390","file":"middleware/logging.go:91","msg":"1.544ms       | 127.0.0.1    | GET /v1/user | {code: 0, message: OK}"}
{"level":"INFO","timestamp":"2018-09-23 11:28:34.069","file":"config/config.go:81","msg":"Config file changed: /Users/wutong/Desktop/workspace/goPlayground/src/github.com/Away0x/api_server/conf/config.yaml"}
{"level":"INFO","timestamp":"2018-09-23 11:28:43.646","file":"config/config.go:81","msg":"Config file changed: /Users/wutong/Desktop/workspace/goPlayground/src/github.com/Away0x/api_server/conf/config.yaml"}
{"level":"INFO","timestamp":"2018-09-23 11:51:30.166","file":"github.com/Away0x/api_server/main.go:61","msg":"Start to listening the incoming requests on http address: :8080"}
{"level":"INFO","timestamp":"2018-09-23 11:51:30.168","file":"github.com/Away0x/api_server/main.go:75","msg":"Waiting for the router, retry in 1 second."}
{"level":"INFO","timestamp":"2018-09-23 11:51:31.176","file":"github.com/Away0x/api_server/main.go:58","msg":"The router has been deployed successfully."}
{"level":"INFO","timestamp":"2018-09-23 11:51:46.069","file":"middleware/logging.go:102","msg":"191µs         | 127.0.0.1    | POST /v1/user | {code: 20103, message: The token was invalid.}"}
{"level":"INFO","timestamp":"2018-09-23 11:51:59.580","file":"middleware/logging.go:102","msg":"111.021ms     | 127.0.0.1    | POST /login | {code: 0, message: OK}"}
{"level":"INFO","timestamp":"2018-09-23 11:52:40.764","file":"middleware/logging.go:102","msg":"128µs         | 127.0.0.1    | POST /v1/user | {code: 20103, message: The token was invalid.}"}
{"level":"INFO","timestamp":"2018-09-23 11:54:36.351","file":"user/create.go:15","msg":"User Create function called.","data":{"X-Request-Id":"a16b8a92-80d5-49c2-bdd2-28bd420cf1d9"}}
{"level":"INFO","timestamp":"2018-09-23 11:54:36.435","file":"middleware/logging.go:102","msg":"85.072ms      | 127.0.0.1    | POST /v1/user | {code: 0, message: OK}"}
{"level":"INFO","timestamp":"2018-09-23 13:00:31.884","file":"config/config.go:81","msg":"Config file changed: /Users/wutong/Desktop/workspace/goPlayground/src/github.com/Away0x/api_server/conf/config.yaml"}
{"level":"INFO","timestamp":"2018-09-23 13:03:24.172","file":"github.com/Away0x/api_server/main.go:67","msg":"Start to listening the incoming requests on https address: :8081"}
{"level":"INFO","timestamp":"2018-09-23 13:03:24.171","file":"github.com/Away0x/api_server/main.go:73","msg":"Start to listening the incoming requests on http address: :8080"}
{"level":"INFO","timestamp":"2018-09-23 13:03:24.172","file":"github.com/Away0x/api_server/main.go:87","msg":"Waiting for the router, retry in 1 second."}
{"level":"INFO","timestamp":"2018-09-23 13:03:25.175","file":"github.com/Away0x/api_server/main.go:58","msg":"The router has been deployed successfully."}
{"level":"INFO","timestamp":"2018-09-23 13:03:31.419","file":"user/create.go:15","msg":"User Create function called.","data":{"X-Request-Id":"ab1ba7e8-e434-4354-84e7-c52853ff18e7"}}
{"level":"INFO","timestamp":"2018-09-23 13:03:31.504","file":"middleware/logging.go:102","msg":"85.335ms      | 127.0.0.1    | POST /v1/user | {code: 20002, message: Database error.}"}
{"level":"INFO","timestamp":"2018-09-23 13:05:27.709","file":"middleware/logging.go:102","msg":"1.496ms       | 127.0.0.1    | GET /v1/user | {code: 0, message: OK}"}
{"level":"INFO","timestamp":"2018-09-23 13:40:54.499","file":"github.com/Away0x/api_server/main.go:85","msg":"Start to listening the incoming requests on https address: :8081"}
{"level":"INFO","timestamp":"2018-09-23 13:40:54.499","file":"github.com/Away0x/api_server/main.go:91","msg":"Start to listening the incoming requests on http address: :8080"}
{"level":"INFO","timestamp":"2018-09-23 13:40:54.500","file":"github.com/Away0x/api_server/main.go:105","msg":"Waiting for the router, retry in 1 second."}
{"level":"INFO","timestamp":"2018-09-23 13:40:55.504","file":"github.com/Away0x/api_server/main.go:76","msg":"The router has been deployed successfully."}
{"level":"INFO","timestamp":"2018-09-23 13:47:56.677","file":"github.com/Away0x/api_server/main.go:85","msg":"Start to listening the incoming requests on https address: :8081"}
{"level":"INFO","timestamp":"2018-09-23 13:47:56.677","file":"github.com/Away0x/api_server/main.go:91","msg":"Start to listening the incoming requests on http address: :8080"}
{"level":"INFO","timestamp":"2018-09-23 13:47:56.679","file":"github.com/Away0x/api_server/main.go:92","msg":"listen tcp :8080: bind: address already in use"}
{"level":"INFO","timestamp":"2018-09-23 13:48:31.721","file":"github.com/Away0x/api_server/main.go:91","msg":"Start to listening the incoming requests on http address: :8080"}
{"level":"INFO","timestamp":"2018-09-23 13:48:31.721","file":"github.com/Away0x/api_server/main.go:85","msg":"Start to listening the incoming requests on https address: :8081"}
{"level":"INFO","timestamp":"2018-09-23 13:48:31.723","file":"github.com/Away0x/api_server/main.go:76","msg":"The router has been deployed successfully."}
{"level":"INFO","timestamp":"2018-09-23 13:57:49.227","file":"github.com/Away0x/api_server/main.go:92","msg":"Start to listening the incoming requests on http address: :8080"}
{"level":"INFO","timestamp":"2018-09-23 13:57:49.227","file":"github.com/Away0x/api_server/main.go:86","msg":"Start to listening the incoming requests on https address: :8081"}
{"level":"INFO","timestamp":"2018-09-23 13:57:49.227","file":"github.com/Away0x/api_server/main.go:106","msg":"Waiting for the router, retry in 1 second."}
{"level":"INFO","timestamp":"2018-09-23 13:57:50.233","file":"github.com/Away0x/api_server/main.go:77","msg":"The router has been deployed successfully."}
{"level":"INFO","timestamp":"2018-09-23 13:58:51.680","file":"github.com/Away0x/api_server/main.go:93","msg":"accept tcp [::]:8080: use of closed network connection"}
{"level":"INFO","timestamp":"2018-09-23 13:58:51.680","file":"github.com/Away0x/api_server/main.go:87","msg":"accept tcp [::]:8081: use of closed network connection"}
{"level":"INFO","timestamp":"2018-09-23 13:58:55.391","file":"github.com/Away0x/api_server/main.go:91","msg":"Start to listening the incoming requests on http address: :8080"}
{"level":"INFO","timestamp":"2018-09-23 13:58:55.392","file":"github.com/Away0x/api_server/main.go:105","msg":"Waiting for the router, retry in 1 second."}
{"level":"INFO","timestamp":"2018-09-23 13:58:55.391","file":"github.com/Away0x/api_server/main.go:85","msg":"Start to listening the incoming requests on https address: :8081"}
{"level":"INFO","timestamp":"2018-09-23 13:58:56.393","file":"github.com/Away0x/api_server/main.go:76","msg":"The router has been deployed successfully."}
{"level":"INFO","timestamp":"2018-09-23 15:34:17.435","file":"github.com/Away0x/api_server/main.go:91","msg":"Start to listening the incoming requests on http address: :8080"}
{"level":"INFO","timestamp":"2018-09-23 15:34:17.435","file":"github.com/Away0x/api_server/main.go:85","msg":"Start to listening the incoming requests on https address: :8081"}
{"level":"INFO","timestamp":"2018-09-23 15:34:17.436","file":"github.com/Away0x/api_server/main.go:105","msg":"Waiting for the router, retry in 1 second."}
{"level":"INFO","timestamp":"2018-09-23 15:34:18.443","file":"github.com/Away0x/api_server/main.go:76","msg":"The router has been deployed successfully."}
{"level":"INFO","timestamp":"2018-09-23 16:22:02.037","file":"github.com/Away0x/api_server/main.go:91","msg":"Start to listening the incoming requests on http address: :8080"}
{"level":"INFO","timestamp":"2018-09-23 16:22:02.037","file":"github.com/Away0x/api_server/main.go:85","msg":"Start to listening the incoming requests on https address: :8081"}
{"level":"INFO","timestamp":"2018-09-23 16:22:02.038","file":"github.com/Away0x/api_server/main.go:105","msg":"Waiting for the router, retry in 1 second."}
{"level":"INFO","timestamp":"2018-09-23 16:22:03.039","file":"github.com/Away0x/api_server/main.go:76","msg":"The router has been deployed successfully."}
{"level":"INFO","timestamp":"2018-09-23 16:33:54.848","file":"github.com/Away0x/api_server/main.go:91","msg":"Start to listening the incoming requests on http address: :8080"}
{"level":"INFO","timestamp":"2018-09-23 16:33:54.848","file":"github.com/Away0x/api_server/main.go:85","msg":"Start to listening the incoming requests on https address: :8081"}
{"level":"INFO","timestamp":"2018-09-23 16:33:54.848","file":"github.com/Away0x/api_server/main.go:105","msg":"Waiting for the router, retry in 1 second."}
{"level":"INFO","timestamp":"2018-09-23 16:33:55.853","file":"github.com/Away0x/api_server/main.go:76","msg":"The router has been deployed successfully."}
{"level":"INFO","timestamp":"2018-09-23 16:36:45.047","file":"github.com/Away0x/api_server/main.go:85","msg":"Start to listening the incoming requests on https address: :8081"}
{"level":"INFO","timestamp":"2018-09-23 16:36:45.047","file":"github.com/Away0x/api_server/main.go:91","msg":"Start to listening the incoming requests on http address: :8080"}
{"level":"INFO","timestamp":"2018-09-23 16:36:45.067","file":"github.com/Away0x/api_server/main.go:76","msg":"The router has been deployed successfully."}
{"level":"INFO","timestamp":"2018-09-23 21:37:54.757","file":"github.com/Away0x/api_server/main.go:92","msg":"accept tcp [::]:8080: accept: too many open files in system"}
{"level":"ERROR","timestamp":"2018-09-25 13:13:50.457","file":"model/init.go:30","msg":"Database connection failed. Database name: github.com/Away0x/api_server","data":{"error":"invalid DSN: did you forget to escape a param value?"}}
{"level":"ERROR","timestamp":"2018-09-25 13:13:50.506","file":"model/init.go:30","msg":"Database connection failed. Database name: github.com/Away0x/api_server","data":{"error":"invalid DSN: did you forget to escape a param value?"}}
{"level":"INFO","timestamp":"2018-09-25 13:13:50.514","file":"api_server/main.go:92","msg":"Start to listening the incoming requests on http address: :8080"}
{"level":"INFO","timestamp":"2018-09-25 13:13:50.515","file":"api_server/main.go:86","msg":"Start to listening the incoming requests on https address: :8081"}
{"level":"INFO","timestamp":"2018-09-25 13:13:50.526","file":"api_server/main.go:106","msg":"Waiting for the router, retry in 1 second."}
{"level":"INFO","timestamp":"2018-09-25 13:13:51.528","file":"api_server/main.go:106","msg":"Waiting for the router, retry in 1 second."}
{"level":"INFO","timestamp":"2018-09-25 13:13:52.530","file":"api_server/main.go:106","msg":"Waiting for the router, retry in 1 second."}
{"level":"INFO","timestamp":"2018-09-25 13:13:53.542","file":"api_server/main.go:106","msg":"Waiting for the router, retry in 1 second."}
{"level":"INFO","timestamp":"2018-09-25 13:13:54.569","file":"api_server/main.go:106","msg":"Waiting for the router, retry in 1 second."}
{"level":"INFO","timestamp":"2018-09-25 13:13:55.582","file":"api_server/main.go:106","msg":"Waiting for the router, retry in 1 second."}
{"level":"INFO","timestamp":"2018-09-25 13:13:56.591","file":"api_server/main.go:106","msg":"Waiting for the router, retry in 1 second."}
{"level":"INFO","timestamp":"2018-09-25 13:13:57.671","file":"api_server/main.go:106","msg":"Waiting for the router, retry in 1 second."}
{"level":"INFO","timestamp":"2018-09-25 13:13:58.681","file":"api_server/main.go:106","msg":"Waiting for the router, retry in 1 second."}
{"level":"INFO","timestamp":"2018-09-25 13:13:59.684","file":"api_server/main.go:106","msg":"Waiting for the router, retry in 1 second."}
{"level":"FATAL","timestamp":"2018-09-25 13:14:00.684","file":"api_server/main.go:75","msg":"The router has no response, or it might took too long to start up.","data":{"error":"Cannot connect to the router.","trace":"goroutine 11 [running]:\ngithub.com/Away0x/api_server/vendor/github.com/lexkong/log/lager.(*logger).logs(0xc04246af00, 0xc0424b5780, 0x2, 0x2, 0x4, 0xd8768e, 0x42, 0x1185800, 0xc042276590, 0x0, ...)\n\tE:/demo/go_workspace/src/github.com/Away0x/api_server/vendor/github.com/lexkong/log/lager/logger.go:135 +0x86c\ngithub.com/Away0x/api_server/vendor/github.com/lexkong/log/lager.(*logger).log(0xc04246af00, 0x4, 0xd8768e, 0x42, 0x1185800, 0xc042276590, 0x0, 0x0, 0x0)\n\tE:/demo/go_workspace/src/github.com/Away0x/api_server/vendor/github.com/lexkong/log/lager/logger.go:123 +0xe0\ngithub.com/Away0x/api_server/vendor/github.com/lexkong/log/lager.(*logger).Fatal(0xc04246af00, 0xd8768e, 0x42, 0x1185800, 0xc042276590, 0x0, 0x0, 0x0)\n\tE:/demo/go_workspace/src/github.com/Away0x/api_server/vendor/github.com/lexkong/log/lager/logger.go:197 +0x8a\ngithub.com/Away0x/api_server/vendor/github.com/lexkong/log.Fatal(0xd8768e, 0x42, 0x1185800, 0xc042276590, 0x0, 0x0, 0x0)\n\tE:/demo/go_workspace/src/github.com/Away0x/api_server/vendor/github.com/lexkong/log/st_lager.go:162 +0x85\nmain.main.func1()\n\tE:/demo/go_workspace/src/github.com/Away0x/api_server/main.go:75 +0xb7\ncreated by main.main\n\tE:/demo/go_workspace/src/github.com/Away0x/api_server/main.go:73 +0x3b4\n"}}
{"level":"ERROR","timestamp":"2018-09-25 13:14:19.134","file":"model/init.go:30","msg":"Database connection failed. Database name: github.com/Away0x/api_server","data":{"error":"invalid DSN: did you forget to escape a param value?"}}
{"level":"ERROR","timestamp":"2018-09-25 13:14:19.157","file":"model/init.go:30","msg":"Database connection failed. Database name: github.com/Away0x/api_server","data":{"error":"invalid DSN: did you forget to escape a param value?"}}
{"level":"INFO","timestamp":"2018-09-25 13:14:19.172","file":"api_server/main.go:92","msg":"Start to listening the incoming requests on http address: :8080"}
{"level":"INFO","timestamp":"2018-09-25 13:14:19.173","file":"api_server/main.go:86","msg":"Start to listening the incoming requests on https address: :8081"}
{"level":"INFO","timestamp":"2018-09-25 13:14:19.177","file":"api_server/main.go:106","msg":"Waiting for the router, retry in 1 second."}
{"level":"INFO","timestamp":"2018-09-25 13:14:20.179","file":"api_server/main.go:106","msg":"Waiting for the router, retry in 1 second."}
{"level":"INFO","timestamp":"2018-09-25 13:14:21.181","file":"api_server/main.go:106","msg":"Waiting for the router, retry in 1 second."}
{"level":"INFO","timestamp":"2018-09-25 13:14:22.183","file":"api_server/main.go:106","msg":"Waiting for the router, retry in 1 second."}
{"level":"INFO","timestamp":"2018-09-25 13:14:23.184","file":"api_server/main.go:106","msg":"Waiting for the router, retry in 1 second."}
{"level":"INFO","timestamp":"2018-09-25 13:14:24.187","file":"api_server/main.go:106","msg":"Waiting for the router, retry in 1 second."}
{"level":"INFO","timestamp":"2018-09-25 13:14:25.188","file":"api_server/main.go:106","msg":"Waiting for the router, retry in 1 second."}
{"level":"INFO","timestamp":"2018-09-25 13:14:26.190","file":"api_server/main.go:106","msg":"Waiting for the router, retry in 1 second."}
{"level":"INFO","timestamp":"2018-09-25 13:14:27.195","file":"api_server/main.go:106","msg":"Waiting for the router, retry in 1 second."}
{"level":"INFO","timestamp":"2018-09-25 13:14:28.197","file":"api_server/main.go:106","msg":"Waiting for the router, retry in 1 second."}
{"level":"FATAL","timestamp":"2018-09-25 13:14:29.197","file":"api_server/main.go:75","msg":"The router has no response, or it might took too long to start up.","data":{"error":"Cannot connect to the router.","trace":"goroutine 15 [running]:\ngithub.com/Away0x/api_server/vendor/github.com/lexkong/log/lager.(*logger).logs(0xc0423a6b40, 0xc042474e40, 0x2, 0x2, 0x4, 0xd8768e, 0x42, 0x1185800, 0xc042492a90, 0x0, ...)\n\tE:/demo/go_workspace/src/github.com/Away0x/api_server/vendor/github.com/lexkong/log/lager/logger.go:135 +0x86c\ngithub.com/Away0x/api_server/vendor/github.com/lexkong/log/lager.(*logger).log(0xc0423a6b40, 0x4, 0xd8768e, 0x42, 0x1185800, 0xc042492a90, 0x0, 0x0, 0x0)\n\tE:/demo/go_workspace/src/github.com/Away0x/api_server/vendor/github.com/lexkong/log/lager/logger.go:123 +0xe0\ngithub.com/Away0x/api_server/vendor/github.com/lexkong/log/lager.(*logger).Fatal(0xc0423a6b40, 0xd8768e, 0x42, 0x1185800, 0xc042492a90, 0x0, 0x0, 0x0)\n\tE:/demo/go_workspace/src/github.com/Away0x/api_server/vendor/github.com/lexkong/log/lager/logger.go:197 +0x8a\ngithub.com/Away0x/api_server/vendor/github.com/lexkong/log.Fatal(0xd8768e, 0x42, 0x1185800, 0xc042492a90, 0x0, 0x0, 0x0)\n\tE:/demo/go_workspace/src/github.com/Away0x/api_server/vendor/github.com/lexkong/log/st_lager.go:162 +0x85\nmain.main.func1()\n\tE:/demo/go_workspace/src/github.com/Away0x/api_server/main.go:75 +0xb7\ncreated by main.main\n\tE:/demo/go_workspace/src/github.com/Away0x/api_server/main.go:73 +0x3b4\n"}}
{"level":"ERROR","timestamp":"2018-09-25 13:14:40.667","file":"model/init.go:30","msg":"Database connection failed. Database name: github.com/Away0x/api_server","data":{"error":"invalid DSN: did you forget to escape a param value?"}}
{"level":"ERROR","timestamp":"2018-09-25 13:14:40.690","file":"model/init.go:30","msg":"Database connection failed. Database name: github.com/Away0x/api_server","data":{"error":"invalid DSN: did you forget to escape a param value?"}}
{"level":"INFO","timestamp":"2018-09-25 13:14:40.705","file":"api_server/main.go:92","msg":"Start to listening the incoming requests on http address: :8080"}
{"level":"INFO","timestamp":"2018-09-25 13:14:40.705","file":"api_server/main.go:86","msg":"Start to listening the incoming requests on https address: :8081"}
{"level":"INFO","timestamp":"2018-09-25 13:14:41.207","file":"api_server/main.go:77","msg":"The router has been deployed successfully."}
